<?xml version="1.0" encoding="UTF-8"?>
<!-- Generated by org.testng.reporters.JUnitReportReporter -->
<testsuite hostname="DESKTOP-799KKK6" failures="0" tests="1" name="com.demowebshop.testscripts.TC003_VerifyUserIsAbleToAddProductToWishlist" time="26.336" errors="0" timestamp="2024-07-14T17:44:49 IST" skipped="0">
  <testcase classname="com.demowebshop.testscripts.TC003_VerifyUserIsAbleToAddProductToWishlist" name="addToWishList" time="26.336"/>
  <system-out/>
</testsuite> <!-- com.demowebshop.testscripts.TC003_VerifyUserIsAbleToAddProductToWishlist -->
