<?xml version="1.0" encoding="UTF-8"?>
<!-- Generated by org.testng.reporters.JUnitReportReporter -->
<testsuite hostname="DESKTOP-799KKK6" failures="0" tests="2" name="com.demowebshop.testscripts.TC003_VerifyUserIsAbleToAddProductToWishlist" time="23.716" errors="0" timestamp="2024-01-22T09:39:59 IST" skipped="0">
  <testcase classname="com.demowebshop.testscripts.TC003_VerifyUserIsAbleToAddProductToWishlist" name="addToWishList" time="13.916"/>
  <system-out/>
  <testcase classname="com.demowebshop.testscripts.TC003_VerifyUserIsAbleToAddProductToWishlist" name="addToWishList" time="9.800"/>
  <system-out/>
</testsuite> <!-- com.demowebshop.testscripts.TC003_VerifyUserIsAbleToAddProductToWishlist -->
