<?xml version="1.0" encoding="UTF-8"?>
<!-- Generated by org.testng.reporters.JUnitReportReporter -->
<testsuite hostname="DESKTOP-799KKK6" failures="0" tests="1" name="com.demowebshop.testscripts.VerifyUserIsAbleToAddProductToWishlist" time="8.692" errors="0" timestamp="2024-01-18T19:21:44 IST" skipped="0">
  <testcase classname="com.demowebshop.testscripts.VerifyUserIsAbleToAddProductToWishlist" name="addToWishList" time="8.692"/>
  <system-out/>
</testsuite> <!-- com.demowebshop.testscripts.VerifyUserIsAbleToAddProductToWishlist -->
