<?xml version="1.0" encoding="UTF-8"?>
<!-- Generated by org.testng.reporters.JUnitReportReporter -->
<testsuite hostname="DESKTOP-799KKK6" failures="0" tests="1" name="com.demowebshop.testscripts.VerifyUserIsAbleToAddProductsToCartAndRemove" time="30.012" errors="0" timestamp="2024-01-18T23:07:08 IST" skipped="0">
  <testcase classname="com.demowebshop.testscripts.VerifyUserIsAbleToAddProductsToCartAndRemove" name="addProductToCart" time="30.012"/>
  <system-out/>
</testsuite> <!-- com.demowebshop.testscripts.VerifyUserIsAbleToAddProductsToCartAndRemove -->
