<?xml version="1.0" encoding="UTF-8"?>
<!-- Generated by org.testng.reporters.JUnitReportReporter -->
<testsuite hostname="DESKTOP-799KKK6" failures="0" tests="2" name="com.demowebshop.testscripts.Demo" time="0.023" errors="0" timestamp="2025-06-24T01:16:18 IST" skipped="0">
  <testcase classname="com.demowebshop.testscripts.Demo" name="name" time="0.021"/>
  <testcase classname="com.demowebshop.testscripts.Demo" name="name" time="0.002"/>
</testsuite> <!-- com.demowebshop.testscripts.Demo -->
